<?xml version="1.0" encoding="UTF-8"?>
<testng-results skipped="0" failed="0" ignored="3" total="4" passed="1">
  <reporter-output>
  </reporter-output>
  <suite name="Default suite" duration-ms="16835" started-at="2021-02-11T05:12:12Z" finished-at="2021-02-11T05:12:29Z">
    <groups>
    </groups>
    <test name="Default test" duration-ms="16835" started-at="2021-02-11T05:12:12Z" finished-at="2021-02-11T05:12:29Z">
      <class name="com.qa.androidproject.Testcases.LaunchMyApp">
        <test-method status="PASS" signature="TriggeringBeforeSuiteDependency()[pri:0, instance:com.qa.androidproject.Testcases.LaunchMyApp@31ef45e3]" name="TriggeringBeforeSuiteDependency" is-config="true" duration-ms="14182" started-at="2021-02-11T05:12:12Z" finished-at="2021-02-11T05:12:26Z">
          <reporter-output>
          </reporter-output>
        </test-method> <!-- TriggeringBeforeSuiteDependency -->
        <test-method status="PASS" signature="TC4_PeopleActivityswipe()[pri:0, instance:com.qa.androidproject.Testcases.LaunchMyApp@31ef45e3]" name="TC4_PeopleActivityswipe" duration-ms="2590" started-at="2021-02-11T05:12:26Z" finished-at="2021-02-11T05:12:29Z">
          <reporter-output>
          </reporter-output>
        </test-method> <!-- TC4_PeopleActivityswipe -->
      </class> <!-- com.qa.androidproject.Testcases.LaunchMyApp -->
    </test> <!-- Default test -->
  </suite> <!-- Default suite -->
</testng-results>
