<?xml version="1.0" encoding="UTF-8"?>
<!-- Generated by org.testng.reporters.JUnitXMLReporter -->
<testsuite hostname="LAPTOP-80QPIB69" ignored="3" name="Default test" tests="1" failures="0" timestamp="11 Feb 2021 05:12:29 GMT" time="16.835" errors="0">
  <testcase name="TC4_PeopleActivityswipe" time="2.59" classname="com.qa.androidproject.Testcases.LaunchMyApp"/>
  <testcase name="TC1_AddingTwoNumbers" time="0.0" classname="com.qa.androidproject.Testcases.LaunchMyApp">
    <ignored/>
  </testcase> <!-- TC1_AddingTwoNumbers -->
  <testcase name="TC2_PeopleActivity" time="0.0" classname="com.qa.androidproject.Testcases.LaunchMyApp">
    <ignored/>
  </testcase> <!-- TC2_PeopleActivity -->
  <testcase name="TC3_PeopleActivityVerticalScrolldown" time="0.0" classname="com.qa.androidproject.Testcases.LaunchMyApp">
    <ignored/>
  </testcase> <!-- TC3_PeopleActivityVerticalScrolldown -->
</testsuite> <!-- Default test -->
